01-Jan-2023 04:54:54.067 INFORMAÇÕES [main] org.apache.catalina.startup.VersionLoggerListener.log Server version name:   Apache Tomcat/8.5.50
01-Jan-2023 04:54:54.073 INFORMAÇÕES [main] org.apache.catalina.startup.VersionLoggerListener.log Server built:          Dec 7 2019 19:19:46 UTC
01-Jan-2023 04:54:54.074 INFORMAÇÕES [main] org.apache.catalina.startup.VersionLoggerListener.log Server version number: 8.5.50.0
01-Jan-2023 04:54:54.074 INFORMAÇÕES [main] org.apache.catalina.startup.VersionLoggerListener.log OS Name:               Linux
01-Jan-2023 04:54:54.074 INFORMAÇÕES [main] org.apache.catalina.startup.VersionLoggerListener.log OS Version:            5.10.0-20-amd64
01-Jan-2023 04:54:54.074 INFORMAÇÕES [main] org.apache.catalina.startup.VersionLoggerListener.log Architecture:          amd64
01-Jan-2023 04:54:54.074 INFORMAÇÕES [main] org.apache.catalina.startup.VersionLoggerListener.log Java Home:             /usr/lib/jvm/java-11-openjdk-amd64
01-Jan-2023 04:54:54.074 INFORMAÇÕES [main] org.apache.catalina.startup.VersionLoggerListener.log JVM Version:           11.0.16+8-post-Debian-1deb11u1
01-Jan-2023 04:54:54.074 INFORMAÇÕES [main] org.apache.catalina.startup.VersionLoggerListener.log JVM Vendor:            Debian
01-Jan-2023 04:54:54.074 INFORMAÇÕES [main] org.apache.catalina.startup.VersionLoggerListener.log CATALINA_BASE:         /home/debian/Downloads/apache-tomcat-8.5.50
01-Jan-2023 04:54:54.074 INFORMAÇÕES [main] org.apache.catalina.startup.VersionLoggerListener.log CATALINA_HOME:         /home/debian/Downloads/apache-tomcat-8.5.50
01-Jan-2023 04:54:54.077 INFORMAÇÕES [main] org.apache.catalina.startup.VersionLoggerListener.log Command line argument: --add-opens=java.base/java.lang=ALL-UNNAMED
01-Jan-2023 04:54:54.078 INFORMAÇÕES [main] org.apache.catalina.startup.VersionLoggerListener.log Command line argument: --add-opens=java.base/java.io=ALL-UNNAMED
01-Jan-2023 04:54:54.078 INFORMAÇÕES [main] org.apache.catalina.startup.VersionLoggerListener.log Command line argument: --add-opens=java.rmi/sun.rmi.transport=ALL-UNNAMED
01-Jan-2023 04:54:54.078 INFORMAÇÕES [main] org.apache.catalina.startup.VersionLoggerListener.log Command line argument: -Djava.util.logging.config.file=/home/debian/Downloads/apache-tomcat-8.5.50/conf/logging.properties
01-Jan-2023 04:54:54.078 INFORMAÇÕES [main] org.apache.catalina.startup.VersionLoggerListener.log Command line argument: -Djava.util.logging.manager=org.apache.juli.ClassLoaderLogManager
01-Jan-2023 04:54:54.078 INFORMAÇÕES [main] org.apache.catalina.startup.VersionLoggerListener.log Command line argument: -Djdk.tls.ephemeralDHKeySize=2048
01-Jan-2023 04:54:54.078 INFORMAÇÕES [main] org.apache.catalina.startup.VersionLoggerListener.log Command line argument: -Djava.protocol.handler.pkgs=org.apache.catalina.webresources
01-Jan-2023 04:54:54.078 INFORMAÇÕES [main] org.apache.catalina.startup.VersionLoggerListener.log Command line argument: -Dorg.apache.catalina.security.SecurityListener.UMASK=0027
01-Jan-2023 04:54:54.078 INFORMAÇÕES [main] org.apache.catalina.startup.VersionLoggerListener.log Command line argument: -Dignore.endorsed.dirs=
01-Jan-2023 04:54:54.078 INFORMAÇÕES [main] org.apache.catalina.startup.VersionLoggerListener.log Command line argument: -Dcatalina.base=/home/debian/Downloads/apache-tomcat-8.5.50
01-Jan-2023 04:54:54.079 INFORMAÇÕES [main] org.apache.catalina.startup.VersionLoggerListener.log Command line argument: -Dcatalina.home=/home/debian/Downloads/apache-tomcat-8.5.50
01-Jan-2023 04:54:54.079 INFORMAÇÕES [main] org.apache.catalina.startup.VersionLoggerListener.log Command line argument: -Djava.io.tmpdir=/home/debian/Downloads/apache-tomcat-8.5.50/temp
01-Jan-2023 04:54:54.079 INFORMAÇÕES [main] org.apache.catalina.core.AprLifecycleListener.lifecycleEvent The APR based Apache Tomcat Native library which allows optimal performance in production environments was not found on the java.library.path: [/usr/java/packages/lib:/usr/lib/x86_64-linux-gnu/jni:/lib/x86_64-linux-gnu:/usr/lib/x86_64-linux-gnu:/usr/lib/jni:/lib:/usr/lib]
01-Jan-2023 04:54:54.124 INFORMAÇÕES [main] org.apache.coyote.AbstractProtocol.init Initializing ProtocolHandler ["http-nio-8001"]
01-Jan-2023 04:54:54.145 INFORMAÇÕES [main] org.apache.tomcat.util.net.NioSelectorPool.getSharedSelector Using a shared selector for servlet write/read
01-Jan-2023 04:54:54.156 INFORMAÇÕES [main] org.apache.coyote.AbstractProtocol.init Initializing ProtocolHandler ["ajp-nio-8009"]
01-Jan-2023 04:54:54.156 INFORMAÇÕES [main] org.apache.tomcat.util.net.NioSelectorPool.getSharedSelector Using a shared selector for servlet write/read
01-Jan-2023 04:54:54.157 INFORMAÇÕES [main] org.apache.catalina.startup.Catalina.load Initialization processed in 538 ms
01-Jan-2023 04:54:54.217 INFORMAÇÕES [main] org.apache.catalina.core.StandardService.startInternal Starting service [Catalina]
01-Jan-2023 04:54:54.217 INFORMAÇÕES [main] org.apache.catalina.core.StandardEngine.startInternal Starting Servlet Engine: Apache Tomcat/8.5.50
01-Jan-2023 04:54:54.230 INFORMAÇÕES [localhost-startStop-1] org.apache.catalina.startup.HostConfig.deployDirectory Deploying web application directory [/home/debian/Downloads/apache-tomcat-8.5.50/webapps/host-manager]
01-Jan-2023 04:54:54.459 INFORMAÇÕES [localhost-startStop-1] org.apache.catalina.startup.HostConfig.deployDirectory Deployment of web application directory [/home/debian/Downloads/apache-tomcat-8.5.50/webapps/host-manager] has finished in [228] ms
01-Jan-2023 04:54:54.459 INFORMAÇÕES [localhost-startStop-1] org.apache.catalina.startup.HostConfig.deployDirectory Deploying web application directory [/home/debian/Downloads/apache-tomcat-8.5.50/webapps/manager]
01-Jan-2023 04:54:54.476 INFORMAÇÕES [localhost-startStop-1] org.apache.catalina.startup.HostConfig.deployDirectory Deployment of web application directory [/home/debian/Downloads/apache-tomcat-8.5.50/webapps/manager] has finished in [17] ms
01-Jan-2023 04:54:54.476 INFORMAÇÕES [localhost-startStop-1] org.apache.catalina.startup.HostConfig.deployDirectory Deploying web application directory [/home/debian/Downloads/apache-tomcat-8.5.50/webapps/docs]
01-Jan-2023 04:54:54.490 INFORMAÇÕES [localhost-startStop-1] org.apache.catalina.startup.HostConfig.deployDirectory Deployment of web application directory [/home/debian/Downloads/apache-tomcat-8.5.50/webapps/docs] has finished in [13] ms
01-Jan-2023 04:54:54.490 INFORMAÇÕES [localhost-startStop-1] org.apache.catalina.startup.HostConfig.deployDirectory Deploying web application directory [/home/debian/Downloads/apache-tomcat-8.5.50/webapps/examples]
01-Jan-2023 04:54:54.659 INFORMAÇÕES [localhost-startStop-1] org.apache.catalina.startup.HostConfig.deployDirectory Deployment of web application directory [/home/debian/Downloads/apache-tomcat-8.5.50/webapps/examples] has finished in [168] ms
01-Jan-2023 04:54:54.659 INFORMAÇÕES [localhost-startStop-1] org.apache.catalina.startup.HostConfig.deployDirectory Deploying web application directory [/home/debian/Downloads/apache-tomcat-8.5.50/webapps/ROOT]
01-Jan-2023 04:54:54.673 INFORMAÇÕES [localhost-startStop-1] org.apache.catalina.startup.HostConfig.deployDirectory Deployment of web application directory [/home/debian/Downloads/apache-tomcat-8.5.50/webapps/ROOT] has finished in [14] ms
01-Jan-2023 04:54:54.680 INFORMAÇÕES [main] org.apache.coyote.AbstractProtocol.start Starting ProtocolHandler ["http-nio-8001"]
01-Jan-2023 04:54:54.690 INFORMAÇÕES [main] org.apache.coyote.AbstractProtocol.start Starting ProtocolHandler ["ajp-nio-8009"]
01-Jan-2023 04:54:54.707 INFORMAÇÕES [main] org.apache.catalina.startup.Catalina.start Server startup in 550 ms
01-Jan-2023 04:57:54.702 INFORMAÇÕES [ContainerBackgroundProcessor[StandardEngine[Catalina]]] org.apache.catalina.users.MemoryUserDatabase.backgroundProcess Reloading memory user database [UserDatabase] from updated source [file:/home/debian/Downloads/apache-tomcat-8.5.50/conf/tomcat-users.xml]
01-Jan-2023 04:58:14.707 INFORMAÇÕES [ContainerBackgroundProcessor[StandardEngine[Catalina]]] org.apache.catalina.users.MemoryUserDatabase.backgroundProcess Reloading memory user database [UserDatabase] from updated source [file:/home/debian/Downloads/apache-tomcat-8.5.50/conf/tomcat-users.xml]
01-Jan-2023 04:58:34.710 INFORMAÇÕES [ContainerBackgroundProcessor[StandardEngine[Catalina]]] org.apache.catalina.users.MemoryUserDatabase.backgroundProcess Reloading memory user database [UserDatabase] from updated source [file:/home/debian/Downloads/apache-tomcat-8.5.50/conf/tomcat-users.xml]
01-Jan-2023 04:58:44.713 INFORMAÇÕES [ContainerBackgroundProcessor[StandardEngine[Catalina]]] org.apache.catalina.users.MemoryUserDatabase.backgroundProcess Reloading memory user database [UserDatabase] from updated source [file:/home/debian/Downloads/apache-tomcat-8.5.50/conf/tomcat-users.xml]
